app/build/intermediates/manifest_merge_blame_file/debug/manifest-merger-blame-debug-report.txt
1<?xml version="1.0" encoding="utf-8"?>
2<manifest xmlns:android="http://schemas.android.com/apk/res/android"
3    package="com.example.cameraxdemo"
4    android:versionCode="1"
5    android:versionName="1.0" >
6
7    <uses-sdk
8        android:minSdkVersion="21"
8-->src/main/AndroidManifest.xml
9        android:targetSdkVersion="28" />
9-->src/main/AndroidManifest.xml
10
11    <uses-permission android:name="android.permission.CAMERA" />
11-->src/main/AndroidManifest.xml:5:5-64
11-->src/main/AndroidManifest.xml:5:22-62
12
13    <application
13-->src/main/AndroidManifest.xml:7:5-21:19
14        android:allowBackup="true"
14-->src/main/AndroidManifest.xml:8:9-35
15        android:appComponentFactory="androidx.core.app.CoreComponentFactory"
15-->[androidx.core:core:1.1.0] AndroidManifest.xml:24:18-86
16        android:debuggable="true"
17        android:icon="@mipmap/ic_launcher"
17-->src/main/AndroidManifest.xml:9:9-43
18        android:label="@string/app_name"
18-->src/main/AndroidManifest.xml:10:9-41
19        android:roundIcon="@mipmap/ic_launcher_round"
19-->src/main/AndroidManifest.xml:11:9-54
20        android:supportsRtl="true"
20-->src/main/AndroidManifest.xml:12:9-35
21        android:testOnly="true"
22        android:theme="@style/AppTheme" >
22-->src/main/AndroidManifest.xml:13:9-40
23        <activity android:name="com.example.cameraxdemo.MainActivity" >
23-->src/main/AndroidManifest.xml:14:9-20:20
23-->src/main/AndroidManifest.xml:14:19-47
24            <intent-filter>
24-->src/main/AndroidManifest.xml:15:13-19:29
25                <action android:name="android.intent.action.MAIN" />
25-->src/main/AndroidManifest.xml:16:17-69
25-->src/main/AndroidManifest.xml:16:25-66
26
27                <category android:name="android.intent.category.LAUNCHER" />
27-->src/main/AndroidManifest.xml:18:17-77
27-->src/main/AndroidManifest.xml:18:27-74
28            </intent-filter>
29        </activity>
30
31        <provider
31-->[androidx.camera:camera-camera2:1.0.0-alpha06] AndroidManifest.xml:25:9-30:43
32            android:name="androidx.camera.camera2.impl.Camera2Initializer"
32-->[androidx.camera:camera-camera2:1.0.0-alpha06] AndroidManifest.xml:26:13-75
33            android:authorities="com.example.cameraxdemo.camerax-init"
33-->[androidx.camera:camera-camera2:1.0.0-alpha06] AndroidManifest.xml:27:13-64
34            android:exported="false"
34-->[androidx.camera:camera-camera2:1.0.0-alpha06] AndroidManifest.xml:28:13-37
35            android:initOrder="100"
35-->[androidx.camera:camera-camera2:1.0.0-alpha06] AndroidManifest.xml:29:13-36
36            android:multiprocess="true" />
36-->[androidx.camera:camera-camera2:1.0.0-alpha06] AndroidManifest.xml:30:13-40
37    </application>
38
39</manifest>